<?xml version="1.0" encoding="UTF-8"?>
<!-- Generated by org.testng.reporters.JUnitReportReporter -->
<testsuite hostname="DESKTOP-6T8U07T" failures="0" tests="1" name="javaStreams.Test1" time="0.008" errors="0" timestamp="2022-08-07T10:57:29 EET" skipped="0">
  <testcase classname="javaStreams.Test1" name="streamMap" time="0.008"/>
  <system-out/>
</testsuite> <!-- javaStreams.Test1 -->
