<?xml version="1.0" encoding="UTF-8"?>
<!-- Generated by org.testng.reporters.JUnitReportReporter -->
<testsuite hostname="DESKTOP-6T8U07T" failures="0" tests="1" name="javaStreams.Test1" time="0.010" errors="0" timestamp="2022-08-01T13:28:25 EET" skipped="0">
  <testcase classname="javaStreams.Test1" name="streamFilter" time="0.010"/>
  <system-out/>
</testsuite> <!-- javaStreams.Test1 -->
